# JRE version: OpenJDK Runtime Environment (17.0.1+12) (build 17.0.1+12-39)
# Java VM: OpenJDK 64-Bit Server VM (17.0.1+12-39, mixed mode, sharing, tiered, compressed oops, compressed class ptrs, g1 gc, windows-amd64)
GC Precious Log:
 CPUs: 8 total, 8 available
 Memory: 16173M
 Large Page Support: Disabled
 NUMA Support: Disabled
 Compressed Oops: Enabled (32-bit)
 Heap Region Size: 1M
 Heap Min Capacity: 256M
 Heap Initial Capacity: 256M
 Heap Max Capacity: 512M
 Pre-touch: Disabled
 Parallel Workers: 8
 Concurrent Workers: 2
 Concurrent Refinement Workers: 8
 Periodic GC: Disabled
Heap:
 garbage-first heap   total 262144K, used 70266K [0x00000000e0000000, 0x0000000100000000)
  region size 1024K, 39 young (39936K), 12 survivors (12288K)
 Metaspace       used 49039K, committed 49664K, reserved 364544K
  class space    used 6969K, committed 7232K, reserved 315392K
GC Heap History (10 events):
Event: 0.826 GC heap before
{Heap before GC invocations=0 (full 0):
 garbage-first heap   total 262144K, used 26624K [0x00000000e0000000, 0x0000000100000000)
  region size 1024K, 23 young (23552K), 0 survivors (0K)
 Metaspace       used 2992K, committed 3136K, reserved 323584K
  class space    used 381K, committed 448K, reserved 315392K
}
Event: 0.831 GC heap after
{Heap after GC invocations=1 (full 0):
 garbage-first heap   total 262144K, used 10874K [0x00000000e0000000, 0x0000000100000000)
  region size 1024K, 3 young (3072K), 3 survivors (3072K)
 Metaspace       used 2992K, committed 3136K, reserved 323584K
  class space    used 381K, committed 448K, reserved 315392K
}
Event: 1.274 GC heap before
{Heap before GC invocations=1 (full 0):
 garbage-first heap   total 262144K, used 38522K [0x00000000e0000000, 0x0000000100000000)
  region size 1024K, 31 young (31744K), 3 survivors (3072K)
 Metaspace       used 3917K, committed 4096K, reserved 323584K
  class space    used 478K, committed 576K, reserved 315392K
}
Event: 1.277 GC heap after
{Heap after GC invocations=2 (full 0):
 garbage-first heap   total 262144K, used 12218K [0x00000000e0000000, 0x0000000100000000)
  region size 1024K, 2 young (2048K), 2 survivors (2048K)
 Metaspace       used 3917K, committed 4096K, reserved 323584K
  class space    used 478K, committed 576K, reserved 315392K
}
Event: 4.193 GC heap before
{Heap before GC invocations=2 (full 0):
 garbage-first heap   total 262144K, used 122810K [0x00000000e0000000, 0x0000000100000000)
  region size 1024K, 111 young (113664K), 2 survivors (2048K)
 Metaspace       used 21243K, committed 21504K, reserved 339968K
  class space    used 3153K, committed 3264K, reserved 315392K
}
Event: 4.205 GC heap after
{Heap after GC invocations=3 (full 0):
 garbage-first heap   total 262144K, used 22506K [0x00000000e0000000, 0x0000000100000000)
  region size 1024K, 12 young (12288K), 12 survivors (12288K)
 Metaspace       used 21243K, committed 21504K, reserved 339968K
  class space    used 3153K, committed 3264K, reserved 315392K
}
Event: 6.725 GC heap before
{Heap before GC invocations=4 (full 0):
 garbage-first heap   total 262144K, used 129002K [0x00000000e0000000, 0x0000000100000000)
  region size 1024K, 115 young (117760K), 12 survivors (12288K)
 Metaspace       used 35687K, committed 36096K, reserved 348160K
  class space    used 4956K, committed 5184K, reserved 315392K
}
Event: 6.744 GC heap after
{Heap after GC invocations=5 (full 0):
 garbage-first heap   total 262144K, used 32977K [0x00000000e0000000, 0x0000000100000000)
  region size 1024K, 11 young (11264K), 11 survivors (11264K)
 Metaspace       used 35687K, committed 36096K, reserved 348160K
  class space    used 4956K, committed 5184K, reserved 315392K
}
Event: 9.525 GC heap before
{Heap before GC invocations=6 (full 0):
 garbage-first heap   total 262144K, used 158929K [0x00000000e0000000, 0x0000000100000000)
  region size 1024K, 134 young (137216K), 11 survivors (11264K)
 Metaspace       used 47350K, committed 47936K, reserved 364544K
  class space    used 6701K, committed 6976K, reserved 315392K
}
Event: 9.545 GC heap after
{Heap after GC invocations=7 (full 0):
 garbage-first heap   total 262144K, used 43642K [0x00000000e0000000, 0x0000000100000000)
  region size 1024K, 12 young (12288K), 12 survivors (12288K)
 Metaspace       used 47350K, committed 47936K, reserved 364544K
  class space    used 6701K, committed 6976K, reserved 315392K
}

