# JRE version: OpenJDK Runtime Environment (17.0.1+12) (build 17.0.1+12-39)
# Java VM: OpenJDK 64-Bit Server VM (17.0.1+12-39, mixed mode, sharing, tiered, compressed oops, compressed class ptrs, g1 gc, windows-amd64)
GC Precious Log:
 CPUs: 8 total, 8 available
 Memory: 16173M
 Large Page Support: Disabled
 NUMA Support: Disabled
 Compressed Oops: Enabled (32-bit)
 Heap Region Size: 1M
 Heap Min Capacity: 256M
 Heap Initial Capacity: 256M
 Heap Max Capacity: 512M
 Pre-touch: Disabled
 Parallel Workers: 8
 Concurrent Workers: 2
 Concurrent Refinement Workers: 8
 Periodic GC: Disabled
Heap:
 garbage-first heap   total 262144K, used 134190K [0x00000000e0000000, 0x0000000100000000)
  region size 1024K, 102 young (104448K), 13 survivors (13312K)
 Metaspace       used 59310K, committed 59904K, reserved 372736K
  class space    used 8282K, committed 8576K, reserved 315392K
GC Heap History (10 events):
Event: 0.800 GC heap before
{Heap before GC invocations=0 (full 0):
 garbage-first heap   total 262144K, used 26624K [0x00000000e0000000, 0x0000000100000000)
  region size 1024K, 23 young (23552K), 0 survivors (0K)
 Metaspace       used 2988K, committed 3136K, reserved 323584K
  class space    used 381K, committed 448K, reserved 315392K
}
Event: 0.806 GC heap after
{Heap after GC invocations=1 (full 0):
 garbage-first heap   total 262144K, used 10315K [0x00000000e0000000, 0x0000000100000000)
  region size 1024K, 3 young (3072K), 3 survivors (3072K)
 Metaspace       used 2988K, committed 3136K, reserved 323584K
  class space    used 381K, committed 448K, reserved 315392K
}
Event: 1.451 GC heap before
{Heap before GC invocations=1 (full 0):
 garbage-first heap   total 262144K, used 38987K [0x00000000e0000000, 0x0000000100000000)
  region size 1024K, 31 young (31744K), 3 survivors (3072K)
 Metaspace       used 3904K, committed 4096K, reserved 323584K
  class space    used 477K, committed 576K, reserved 315392K
}
Event: 1.459 GC heap after
{Heap after GC invocations=2 (full 0):
 garbage-first heap   total 262144K, used 12818K [0x00000000e0000000, 0x0000000100000000)
  region size 1024K, 3 young (3072K), 3 survivors (3072K)
 Metaspace       used 3904K, committed 4096K, reserved 323584K
  class space    used 477K, committed 576K, reserved 315392K
}
Event: 5.221 GC heap before
{Heap before GC invocations=2 (full 0):
 garbage-first heap   total 262144K, used 122386K [0x00000000e0000000, 0x0000000100000000)
  region size 1024K, 111 young (113664K), 3 survivors (3072K)
 Metaspace       used 21262K, committed 21504K, reserved 339968K
  class space    used 3154K, committed 3264K, reserved 315392K
}
Event: 5.234 GC heap after
{Heap after GC invocations=3 (full 0):
 garbage-first heap   total 262144K, used 22273K [0x00000000e0000000, 0x0000000100000000)
  region size 1024K, 12 young (12288K), 12 survivors (12288K)
 Metaspace       used 21262K, committed 21504K, reserved 339968K
  class space    used 3154K, committed 3264K, reserved 315392K
}
Event: 8.300 GC heap before
{Heap before GC invocations=4 (full 0):
 garbage-first heap   total 262144K, used 129793K [0x00000000e0000000, 0x0000000100000000)
  region size 1024K, 116 young (118784K), 12 survivors (12288K)
 Metaspace       used 35696K, committed 36096K, reserved 348160K
  class space    used 4943K, committed 5120K, reserved 315392K
}
Event: 8.320 GC heap after
{Heap after GC invocations=5 (full 0):
 garbage-first heap   total 262144K, used 32633K [0x00000000e0000000, 0x0000000100000000)
  region size 1024K, 20 young (20480K), 20 survivors (20480K)
 Metaspace       used 35696K, committed 36096K, reserved 348160K
  class space    used 4943K, committed 5120K, reserved 315392K
}
Event: 11.209 GC heap before
{Heap before GC invocations=6 (full 0):
 garbage-first heap   total 262144K, used 168825K [0x00000000e0000000, 0x0000000100000000)
  region size 1024K, 153 young (156672K), 20 survivors (20480K)
 Metaspace       used 47933K, committed 48512K, reserved 364544K
  class space    used 6768K, committed 7040K, reserved 315392K
}
Event: 11.240 GC heap after
{Heap after GC invocations=7 (full 0):
 garbage-first heap   total 262144K, used 44078K [0x00000000e0000000, 0x0000000100000000)
  region size 1024K, 13 young (13312K), 13 survivors (13312K)
 Metaspace       used 47933K, committed 48512K, reserved 364544K
  class space    used 6768K, committed 7040K, reserved 315392K
}

